# JRE version: OpenJDK Runtime Environment (8.0_242-b01) (build 1.8.0_242-release-1644-b01)
# Java VM: OpenJDK 64-Bit Server VM (25.242-b01 mixed mode windows-amd64 compressed oops)
Heap:
 PSYoungGen      total 137728K, used 98993K [0x00000000f5580000, 0x00000000ffe00000, 0x0000000100000000)
  eden space 102912K, 79% used [0x00000000f5580000,0x00000000fa529488,0x00000000fba00000)
  from space 34816K, 50% used [0x00000000fba00000,0x00000000fcb03330,0x00000000fdc00000)
  to   space 33280K, 0% used [0x00000000fdd80000,0x00000000fdd80000,0x00000000ffe00000)
 ParOldGen       total 187392K, used 55846K [0x00000000e0000000, 0x00000000eb700000, 0x00000000f5580000)
  object space 187392K, 29% used [0x00000000e0000000,0x00000000e3689990,0x00000000eb700000)
 Metaspace       used 83011K, capacity 87896K, committed 88112K, reserved 1126400K
  class space    used 10608K, capacity 11489K, committed 11568K, reserved 1048576K
GC Heap History (10 events):
Event: 3747.594 GC heap before
{Heap before GC invocations=28 (full 3):
 PSYoungGen      total 140288K, used 135605K [0x00000000f5580000, 0x0000000100000000, 0x0000000100000000)
  eden space 110080K, 100% used [0x00000000f5580000,0x00000000fc100000,0x00000000fc100000)
  from space 30208K, 84% used [0x00000000fe280000,0x00000000ffb6d678,0x0000000100000000)
  to   space 32256K, 0% used [0x00000000fc100000,0x00000000fc100000,0x00000000fe080000)
 ParOldGen       total 187392K, used 44136K [0x00000000e0000000, 0x00000000eb700000, 0x00000000f5580000)
  object space 187392K, 23% used [0x00000000e0000000,0x00000000e2b1a3f0,0x00000000eb700000)
 Metaspace       used 80611K, capacity 84406K, committed 84656K, reserved 1122304K
  class space    used 10379K, capacity 11106K, committed 11184K, reserved 1048576K
Event: 3747.612 GC heap after
Heap after GC invocations=28 (full 3):
 PSYoungGen      total 137728K, used 27259K [0x00000000f5580000, 0x0000000100000000, 0x0000000100000000)
  eden space 110080K, 0% used [0x00000000f5580000,0x00000000f5580000,0x00000000fc100000)
  from space 27648K, 98% used [0x00000000fc100000,0x00000000fdb9ecd0,0x00000000fdc00000)
  to   space 34816K, 0% used [0x00000000fde00000,0x00000000fde00000,0x0000000100000000)
 ParOldGen       total 187392K, used 44144K [0x00000000e0000000, 0x00000000eb700000, 0x00000000f5580000)
  object space 187392K, 23% used [0x00000000e0000000,0x00000000e2b1c3f0,0x00000000eb700000)
 Metaspace       used 80611K, capacity 84406K, committed 84656K, reserved 1122304K
  class space    used 10379K, capacity 11106K, committed 11184K, reserved 1048576K
}
Event: 3748.070 GC heap before
{Heap before GC invocations=29 (full 3):
 PSYoungGen      total 137728K, used 137339K [0x00000000f5580000, 0x0000000100000000, 0x0000000100000000)
  eden space 110080K, 100% used [0x00000000f5580000,0x00000000fc100000,0x00000000fc100000)
  from space 27648K, 98% used [0x00000000fc100000,0x00000000fdb9ecd0,0x00000000fdc00000)
  to   space 34816K, 0% used [0x00000000fde00000,0x00000000fde00000,0x0000000100000000)
 ParOldGen       total 187392K, used 44144K [0x00000000e0000000, 0x00000000eb700000, 0x00000000f5580000)
  object space 187392K, 23% used [0x00000000e0000000,0x00000000e2b1c3f0,0x00000000eb700000)
 Metaspace       used 80637K, capacity 84406K, committed 84656K, reserved 1122304K
  class space    used 10379K, capacity 11106K, committed 11184K, reserved 1048576K
Event: 3748.087 GC heap after
Heap after GC invocations=29 (full 3):
 PSYoungGen      total 137728K, used 26056K [0x00000000f5580000, 0x0000000100000000, 0x0000000100000000)
  eden space 102912K, 0% used [0x00000000f5580000,0x00000000f5580000,0x00000000fba00000)
  from space 34816K, 74% used [0x00000000fde00000,0x00000000ff7722a0,0x0000000100000000)
  to   space 35840K, 0% used [0x00000000fba00000,0x00000000fba00000,0x00000000fdd00000)
 ParOldGen       total 187392K, used 45486K [0x00000000e0000000, 0x00000000eb700000, 0x00000000f5580000)
  object space 187392K, 24% used [0x00000000e0000000,0x00000000e2c6bb68,0x00000000eb700000)
 Metaspace       used 80637K, capacity 84406K, committed 84656K, reserved 1122304K
  class space    used 10379K, capacity 11106K, committed 11184K, reserved 1048576K
}
Event: 3750.709 GC heap before
{Heap before GC invocations=30 (full 3):
 PSYoungGen      total 137728K, used 128968K [0x00000000f5580000, 0x0000000100000000, 0x0000000100000000)
  eden space 102912K, 100% used [0x00000000f5580000,0x00000000fba00000,0x00000000fba00000)
  from space 34816K, 74% used [0x00000000fde00000,0x00000000ff7722a0,0x0000000100000000)
  to   space 35840K, 0% used [0x00000000fba00000,0x00000000fba00000,0x00000000fdd00000)
 ParOldGen       total 187392K, used 45486K [0x00000000e0000000, 0x00000000eb700000, 0x00000000f5580000)
  object space 187392K, 24% used [0x00000000e0000000,0x00000000e2c6bb68,0x00000000eb700000)
 Metaspace       used 81305K, capacity 85278K, committed 85424K, reserved 1124352K
  class space    used 10440K, capacity 11181K, committed 11184K, reserved 1048576K
Event: 3750.726 GC heap after
Heap after GC invocations=30 (full 3):
 PSYoungGen      total 138752K, used 23462K [0x00000000f5580000, 0x0000000100000000, 0x0000000100000000)
  eden space 102912K, 0% used [0x00000000f5580000,0x00000000f5580000,0x00000000fba00000)
  from space 35840K, 65% used [0x00000000fba00000,0x00000000fd0e9a58,0x00000000fdd00000)
  to   space 35840K, 0% used [0x00000000fdd00000,0x00000000fdd00000,0x0000000100000000)
 ParOldGen       total 187392K, used 49994K [0x00000000e0000000, 0x00000000eb700000, 0x00000000f5580000)
  object space 187392K, 26% used [0x00000000e0000000,0x00000000e30d2bc8,0x00000000eb700000)
 Metaspace       used 81305K, capacity 85278K, committed 85424K, reserved 1124352K
  class space    used 10440K, capacity 11181K, committed 11184K, reserved 1048576K
}
Event: 3763.507 GC heap before
{Heap before GC invocations=31 (full 3):
 PSYoungGen      total 138752K, used 126374K [0x00000000f5580000, 0x0000000100000000, 0x0000000100000000)
  eden space 102912K, 100% used [0x00000000f5580000,0x00000000fba00000,0x00000000fba00000)
  from space 35840K, 65% used [0x00000000fba00000,0x00000000fd0e9a58,0x00000000fdd00000)
  to   space 35840K, 0% used [0x00000000fdd00000,0x00000000fdd00000,0x0000000100000000)
 ParOldGen       total 187392K, used 49994K [0x00000000e0000000, 0x00000000eb700000, 0x00000000f5580000)
  object space 187392K, 26% used [0x00000000e0000000,0x00000000e30d2bc8,0x00000000eb700000)
 Metaspace       used 82214K, capacity 86730K, committed 86960K, reserved 1124352K
  class space    used 10546K, capacity 11372K, committed 11440K, reserved 1048576K
Event: 3763.522 GC heap after
Heap after GC invocations=31 (full 3):
 PSYoungGen      total 136704K, used 16935K [0x00000000f5580000, 0x00000000ffe00000, 0x0000000100000000)
  eden space 102912K, 0% used [0x00000000f5580000,0x00000000f5580000,0x00000000fba00000)
  from space 33792K, 50% used [0x00000000fdd00000,0x00000000fed89f60,0x00000000ffe00000)
  to   space 34816K, 0% used [0x00000000fba00000,0x00000000fba00000,0x00000000fdc00000)
 ParOldGen       total 187392K, used 55838K [0x00000000e0000000, 0x00000000eb700000, 0x00000000f5580000)
  object space 187392K, 29% used [0x00000000e0000000,0x00000000e3687990,0x00000000eb700000)
 Metaspace       used 82214K, capacity 86730K, committed 86960K, reserved 1124352K
  class space    used 10546K, capacity 11372K, committed 11440K, reserved 1048576K
}
Event: 3788.815 GC heap before
{Heap before GC invocations=32 (full 3):
 PSYoungGen      total 136704K, used 119847K [0x00000000f5580000, 0x00000000ffe00000, 0x0000000100000000)
  eden space 102912K, 100% used [0x00000000f5580000,0x00000000fba00000,0x00000000fba00000)
  from space 33792K, 50% used [0x00000000fdd00000,0x00000000fed89f60,0x00000000ffe00000)
  to   space 34816K, 0% used [0x00000000fba00000,0x00000000fba00000,0x00000000fdc00000)
 ParOldGen       total 187392K, used 55838K [0x00000000e0000000, 0x00000000eb700000, 0x00000000f5580000)
  object space 187392K, 29% used [0x00000000e0000000,0x00000000e3687990,0x00000000eb700000)
 Metaspace       used 82796K, capacity 87636K, committed 87856K, reserved 1126400K
  class space    used 10595K, capacity 11474K, committed 11568K, reserved 1048576K
Event: 3788.832 GC heap after
Heap after GC invocations=32 (full 3):
 PSYoungGen      total 137728K, used 17420K [0x00000000f5580000, 0x00000000ffe00000, 0x0000000100000000)
  eden space 102912K, 0% used [0x00000000f5580000,0x00000000f5580000,0x00000000fba00000)
  from space 34816K, 50% used [0x00000000fba00000,0x00000000fcb03330,0x00000000fdc00000)
  to   space 33280K, 0% used [0x00000000fdd80000,0x00000000fdd80000,0x00000000ffe00000)
 ParOldGen       total 187392K, used 55846K [0x00000000e0000000, 0x00000000eb700000, 0x00000000f5580000)
  object space 187392K, 29% used [0x00000000e0000000,0x00000000e3689990,0x00000000eb700000)
 Metaspace       used 82796K, capacity 87636K, committed 87856K, reserved 1126400K
  class space    used 10595K, capacity 11474K, committed 11568K, reserved 1048576K
}

